-----BEGIN STRICT TYPE LIB-----
Id: stl:tKRd3Qd6-1ANy7t2-gqCSeX2-oF9xE1M-7I5qPKc-jMrYuNE#evident-junior-lobby
Name: CommitVerify
Dependencies: Std#delete-roman-hair
Check-SHA256: 52bd634427891b22ba2651806abf638170bf661e6df4b203becd80f2aa71fe47

3`1{iZE18?WpZg|c>#in>rD>}a8$2!O9kk`*PSB+rd(so&!uOW`TABoF=_)-bYuYoQ*>kj0A^Tl*p6J$
36SYb7g#;qpQBTpwL(~+!(f@;t~vt?k^)sV7yt@GZ*6U9bZupBbOiwb2LJ#-AOHkRWnpFn0uTvlZfId*
X>?^|00sgGaB^>SZ)0z40Wg(*<{e=)S-S-Y<l(P9Y9YVY`}-X+f~R@qMRed+u?KBsb8}&5WdSuesZkZk
>V@1=_p5>Oab-~jCR3C`SFec^=zG+gvC|O;Wo~qGZ*X}41_B3VZgg^QaCra#2m^3$a{vGY3r%HmYiwmg
Y;R+01_cIfWprq7WB~(WnmCQUKfIKMdeaUn;%i1on4VMq8@@As0m&QqLVg8gWpH$80)mO_O%DrjRIhYP
1?a)oog)LLTw}}6rDvG=`c^zKYGzn)*p6J$36SYb7g#;qpQBTpwL(~+!(f@;t~vt?k_cmOW?^G=Z*l+t
0t{nvZ*y}~Wn*+{Z*Bkx0ob*<mh)A>-9G+(AKhLw+s!eDmlO2>&}_PPHjCBJR{;P3000000RR90{{R30
00(7mbaHQSc>n|g00eGtZe;)f009JZZ*64&1pxp62oFtVa%*g5LvL<lWnpY(WCjBTWMy!4Xaa(X>rD>}
a8$2!O9kk`*PSB+rd(so&!uOW`TABoF=}R5aM+Gq(Fu_0Ocz)^+@GUUoV7w&pu=F9->y0X3z7(9Z)Ra*
bZ>G100IhaWpZn5Wm0c%bOAV?Lxv|61vo|<S$`kJ6oIZx{|tq&1{dNqe!iO(;xh_OWpZn5Wk_LjXaxZP
2LJ#-AOH$YWpZn5WlnEoWd;QaVsc?_V`yn^X92rRZVMaW&~7|@gsWfrZu6=j^mo<V(`CxWoOXX=OTq<Y
WpH$800036cWGpFXaE2p1#WL-WibIbo<oKw6$Lm(8(DuJ#T0?AO#cjpum%_6G=9FD72-1mZf|5|G66WA
Lxv|61vo|<S$`kJ6oIZx{|tq&1{dNqe!iO(;xh|PWpZn5Wl(Z&Z)OGr25n_@Xm4Zz17eyujlDm-l!bcJ
4l3enMo5^RQ~n#iGkyWd8~8$g18{G1000CCV{c|*V{~tF00066aA9<400;p%o<oKw6$Lm(8(DuJ#T0?A
O#cjpum%_6G=9FD72-1h000000000W000000000AO=WUxY-Ln(Wn~5i25n_@Xm4Zz17eyujlDm-l!bcJ
4l3enMo5^RQ~n#iGkyWd8~8$g1!QG#bZ7#CiR(=d3vg7gbV~*3!PlK51EySK%g?1}nECovJTYo!Sa8^m
T+s=T=}Z?`J=~w8Q=GLzSfImTncuED0}GM|Wo~qGZ*X}400;<UZ)Ra*bZ>G100IbYWpi_3XJvB$3IQ;c
e&!uvG+Da^2;||fJ!&Dp*8BS%F@mRg<wbPhR<Qv!H>pt-$m)gMQunKY@^NKR1twFJLRYVe6X<)?o3YaX
0000000030|Nj6000003ZDDW#3IG5E00ja8FqMAh9bq(Cy9Eg3;jcYvA-~r9`yDZYr+MW?bl_I80W~+N
Q5DGQh1^p2tAX-yWl;qtQ<OqiuZa`rd(@k;(*OVf000000RR900000000&KFb8}&5Wd#8M2LJ#-AOHqU
Wprq7WCH;Qb7)~QH8ykr4Nh-lWkPacZewU^Zf64n1a@y}WB>+pX>Mn1WdR0aa$#;`XaWjQa&L5RV{dFp
WCZ~L2LJ#-AOH?hWpib6c4cHjd30rSF$Dnt2LJ#-0RRtDWpib6c4cHjd30rSF*XGO00#g7Ko9^9Qe|^x
a&~28LV0v$b20@100#g7Kmq^{Qe|^xa&~28LV0v$b22mq0RRU806-W34^m}wWpZ|9WI}m#Wpgq(1pxpD
002N701r}Sb7gXNWn@BmbY*ihFa-es2LJ#-9smzgWpib6c4cHjd30rSGcg4L00#g7Kpy}PQe|^xa&~28
LV0v$b2Bmp0RRU806-uB4pL=vWpZ|9WI}m#WpgwI0RRU806+u)4pL=vWpZ|9WI}m#Wpg+M0RRU806+);
3R84)X=8LqVRL8&0RRU806-uB2vl-qWlnEoWds5M4P$R^V`X7%Wn@loWMu#b0tIAcaCB$_f{E)*4-0Tq
uXIZV=)u>WBLk*fW6RH_XPEi=Ry;9kW>|38j$F|Rkm*bpSUudIqf?x<LRg@~V42^pIs*%m1ZZJ%XaP8$
Lxv|61vo|<S$`kJ6oIZx{|tq&1{dNqe!iO(;xhpbV{dJ3X>@I6Zgfm#VP*gZ0t#?)Z**^CZ){0q0Wg(*
<{e=)S-S-Y<l(P9Y9YVY`}-X+f~R@qMRed+u?KBsb8}&5WdSuesZkZk>V@1=_p5>Oab-~jCR3C`SFec^
=zG+gvC{

-----END STRICT TYPE LIB-----

